<?xml version="1.0" encoding="UTF-8"?>
<!-- Generated by org.testng.reporters.JUnitReportReporter -->
<testsuite hostname="Cyril_Nirmal" failures="0" tests="1" name="test.Registeraccounttest" time="4.831" errors="0" timestamp="2023-07-13T00:35:16 EDT" skipped="0">
  <testcase classname="test.Registeraccounttest" name="test" time="4.831"/>
  <system-out/>
</testsuite> <!-- test.Registeraccounttest -->
